<?xml version="1.0" encoding="UTF-8"?>
<!-- Generated by org.testng.reporters.JUnitReportReporter -->
<testsuite skipped="0" hostname="Shailendra" name="seleniumIV.FirstClass" tests="1" failures="0" timestamp="2020-05-15T15:37:53 IST" time="23.471" errors="0">
  <testcase name="consolLogs" time="23.471" classname="seleniumIV.FirstClass"/>
  <system-out/>
</testsuite> <!-- seleniumIV.FirstClass -->
