<?xml version="1.0" encoding="UTF-8"?>
<!-- Generated by org.testng.reporters.JUnitReportReporter -->
<testsuite skipped="0" hostname="Shailendra" name="sel4locators.RelativeLocators" tests="1" failures="0" timestamp="2020-05-18T10:04:12 IST" time="0.159" errors="0">
  <testcase name="test1" time="0.159" classname="sel4locators.RelativeLocators"/>
  <system-out/>
</testsuite> <!-- sel4locators.RelativeLocators -->
