<?xml version="1.0" encoding="UTF-8"?>
<!-- Generated by org.testng.reporters.JUnitReportReporter -->
<testsuite skipped="0" hostname="Shailendra" name="sel4features.ScrrenshotOfwebelement" tests="1" failures="0" timestamp="2020-05-17T11:04:32 IST" time="16.416" errors="0">
  <testcase name="screenshot" time="16.416" classname="sel4features.ScrrenshotOfwebelement"/>
  <system-out/>
</testsuite> <!-- sel4features.ScrrenshotOfwebelement -->
