<?xml version="1.0" encoding="UTF-8"?>
<!-- Generated by org.testng.reporters.JUnitReportReporter -->
<testsuite skipped="0" hostname="Shailendra" name="sel4features.SeleniumFourFeatures" tests="1" failures="0" timestamp="2020-05-17T12:46:14 IST" time="25.753" errors="0">
  <testcase name="openNewBrowserWindow" time="25.753" classname="sel4features.SeleniumFourFeatures"/>
  <system-out/>
</testsuite> <!-- sel4features.SeleniumFourFeatures -->
