<?xml version="1.0" encoding="UTF-8"?>
<!-- Generated by org.testng.reporters.JUnitReportReporter -->
<testsuite skipped="0" hostname="Shailendra" name="screenshots.TestScreenshots" tests="1" failures="0" timestamp="2020-05-19T12:09:12 IST" time="0.199" errors="0">
  <testcase name="test3" time="0.199" classname="screenshots.TestScreenshots"/>
  <system-out/>
</testsuite> <!-- screenshots.TestScreenshots -->
