<?xml version="1.0" encoding="UTF-8"?>
<!-- Generated by org.testng.reporters.JUnitReportReporter -->
<testsuite skipped="0" hostname="Shailendra" name="screenshots.ScreenShotFirefox" tests="1" failures="0" timestamp="2020-05-19T17:07:59 IST" time="6.424" errors="0">
  <testcase name="test1" time="6.424" classname="screenshots.ScreenShotFirefox"/>
  <system-out/>
</testsuite> <!-- screenshots.ScreenShotFirefox -->
