<?xml version="1.0" encoding="UTF-8"?>
<!-- Generated by org.testng.reporters.JUnitReportReporter -->
<testsuite skipped="0" hostname="Shailendra" name="screenshots.TestScreenshots" tests="3" failures="0" timestamp="2020-08-12T07:59:51 IST" time="1.692" errors="0">
  <testcase name="test1" time="0.507" classname="screenshots.TestScreenshots"/>
  <system-out/>
  <testcase name="test2" time="0.555" classname="screenshots.TestScreenshots"/>
  <system-out/>
  <testcase name="test3" time="0.630" classname="screenshots.TestScreenshots"/>
  <system-out/>
</testsuite> <!-- screenshots.TestScreenshots -->
